0-0 1-2 2-3 
0-0 1-1 2-3 3-10 4-11 5-39 6-3 7-12 8-13 9-2 10-4 11-5 12-7 13-8 14-39 15-2 16-39 17-23 18-24 19-21 20-39 21-23 22-3 23-28 24-16 25-31 26-39 27-32 28-24 29-16 30-27 31-39 32-39 
0-1 1-3 2-32 3-34 4-36 5-36 6-8 7-16 8-10 9-16 10-10 11-36 12-5 13-36 14-1 15-36 16-20 17-24 18-24 19-8 20-24 21-24 22-6 23-31 24-5 25-36 
0-16 1-9 2-20 3-9 4-20 5-20 6-3 7-4 8-8 9-17 10-6 11-11 12-8 13-9 14-13 15-15 16-20 
0-46 1-6 2-4 3-46 4-4 5-3 6-1 7-46 8-46 9-1 10-7 11-18 12-19 13-46 14-19 15-3 16-46 17-26 18-28 19-1 20-36 21-46 22-31 23-38 24-1 25-40 26-41 27-1 28-44 29-45 30-46 31-38 32-9 33-13 34-7 35-7 36-46 
0-11 1-6 2-11 3-11 4-11 5-11 6-11 7-10 8-11 9-1 10-11 
0-0 1-1 2-2 3-2 4-4 5-4 6-6 7-10 8-4 9-11 
0-2 1-0 2-8 3-8 4-7 5-8 
0-5 1-0 2-1 3-4 4-5 5-6 6-7 7-5 8-8 9-3 10-23 11-10 12-23 13-20 14-21 15-21 16-14 17-17 18-23 19-14 20-15 21-23 
0-26 1-2 2-12 3-26 4-2 5-26 6-7 7-6 8-26 9-7 10-8 11-8 12-26 13-15 14-10 15-26 16-26 17-26 18-11 19-12 20-5 21-26 22-2 23-2 24-19 25-20 26-21 27-26 28-23 29-24 30-22 31-10 32-17 33-16 34-26 
0-0 1-1 2-3 3-6 4-1 5-5 6-6 7-6 8-7 9-6 10-15 11-7 12-15 13-16 14-16 15-30 16-12 17-13 18-15 19-22 20-15 21-20 22-15 23-28 24-29 25-15 26-21 27-46 28-25 29-27 30-10 31-15 32-16 33-16 34-10 35-25 36-1 37-10 38-2 39-6 40-38 41-30 42-35 43-41 44-15 45-10 46-37 47-6 48-10 49-15 50-12 51-45 52-12 53-15 54-49 55-50 56-51 57-10 58-43 59-52 
0-0 1-20 2-2 3-3 4-20 5-5 6-5 7-20 8-20 9-20 10-9 11-8 12-20 13-19 14-20 15-20 
0-0 1-1 2-2 3-1 4-7 5-13 6-13 7-5 8-5 9-1 10-1 11-1 12-9 13-10 14-13 15-13 
0-2 1-0 2-8 3-8 4-7 5-8 
0-5 1-10 2-0 3-10 4-0 5-10 6-6 7-7 8-10 9-10 10-10 11-10 12-9 13-10 14-5 
0-0 1-1 2-18 3-18 4-18 5-18 6-18 7-9 8-10 9-3 10-18 11-7 12-6 13-11 14-9 15-18 16-13 17-15 18-17 19-13 20-6 21-18 
0-39 1-9 2-39 3-39 4-3 5-11 6-39 7-39 8-1 9-3 10-4 11-6 12-39 13-39 14-22 15-16 16-17 17-18 18-19 19-39 20-19 21-29 22-39 23-39 24-34 25-26 26-32 27-1 28-39 29-33 30-39 31-38 32-39 33-14 34-22 35-1 36-3 37-26 38-25 39-39 
0-13 1-8 2-4 3-3 4-10 5-7 6-10 7-9 8-8 9-11 10-12 11-5 12-5 13-13 
0-0 1-0 2-28 3-2 4-3 5-4 6-3 7-6 8-7 9-9 10-10 11-11 12-3 13-15 14-16 15-9 16-18 17-9 18-20 19-28 20-28 21-21 22-21 23-28 24-26 25-27 26-24 27-28 
0-0 1-0 2-3 3-36 4-4 5-15 6-2 7-15 8-36 9-17 10-9 11-36 12-17 13-36 14-2 15-2 16-36 17-36 18-36 19-15 20-36 21-16 22-2 23-17 24-18 25-25 26-20 27-22 28-15 29-36 30-25 31-4 32-0 33-12 34-0 35-36 36-11 37-34 38-35 39-2 40-33 41-36 
0-2 1-8 2-30 3-6 4-30 5-9 6-6 7-21 8-30 9-14 10-15 11-13 12-30 13-8 14-8 15-18 16-19 17-21 18-23 19-3 20-1 21-18 22-3 23-29 24-30 
0-47 1-9 2-6 3-10 4-11 5-13 6-14 7-12 8-22 9-45 10-4 11-47 12-47 13-27 14-12 15-12 16-12 17-47 18-27 19-28 20-47 21-23 22-25 23-5 24-5 25-12 26-34 27-16 28-12 29-46 30-44 31-3 32-37 33-40 34-52 35-3 36-20 37-19 38-47 39-47 
0-25 1-2 2-4 3-5 4-6 5-25 6-8 7-9 8-25 9-15 10-14 11-4 12-12 13-16 14-25 15-1 16-3 17-19 18-25 19-25 20-3 21-25 22-25 23-25 24-21 25-15 26-25 27-25 
0-8 1-10 2-17 3-19 4-20 5-21 6-25 7-10 8-24 9-19 10-19 11-14 12-15 13-17 14-11 15-3 16-2 17-5 18-0 19-4 20-76 21-10 22-24 23-25 24-38 25-40 26-21 27-10 28-43 29-76 30-10 31-5 32-45 33-76 34-7 35-10 36-17 37-21 38-53 39-25 40-55 41-76 42-58 43-39 44-58 45-76 46-10 47-30 48-25 49-10 50-69 51-25 52-39 53-21 54-30 55-39 56-25 57-75 58-63 59-13 60-76 61-34 62-30 63-31 64-76 
0-2 1-8 2-1 3-6 4-7 5-13 6-6 7-9 8-11 9-8 10-10 11-13 
0-0 1-1 2-11 3-3 4-4 5-11 6-11 7-11 8-6 9-6 10-8 11-11 
0-15 1-3 2-4 3-5 4-5 5-8 6-8 7-15 8-8 9-15 10-15 11-8 12-13 13-8 14-15 15-15 
0-2 1-0 2-1 3-3 4-5 5-22 6-22 7-11 8-12 9-9 10-6 11-22 12-22 13-22 14-22 15-15 16-16 17-22 18-22 19-18 20-17 21-22 
0-7 1-1 2-2 3-3 4-4 5-5 6-6 7-7 
0-30 1-5 2-2 3-3 4-30 5-30 6-6 7-7 8-23 9-14 10-10 11-12 12-15 13-13 14-30 15-30 16-6 17-30 18-17 19-18 20-7 21-22 22-23 23-25 24-28 25-29 26-26 27-30 
0-0 1-5 2-5 3-1 4-1 5-19 6-19 7-4 8-19 9-1 10-19 11-6 12-19 13-13 14-9 15-16 16-19 17-10 18-5 19-19 
0-0 1-1 2-3 3-4 4-5 5-36 6-9 7-60 8-10 9-11 10-12 11-26 12-2 13-2 14-17 15-18 16-19 17-20 18-22 19-19 20-49 21-60 22-26 23-27 24-29 25-60 26-31 27-32 28-33 29-28 30-3 31-26 32-36 33-38 34-28 35-60 36-40 37-41 38-60 39-3 40-52 41-8 42-60 43-50 44-4 45-7 46-15 47-22 48-58 49-18 50-31 51-60 52-5 53-60 
0-0 1-3 2-58 3-3 4-4 5-58 6-3 7-7 8-8 9-3 10-10 11-3 12-12 13-58 14-15 15-18 16-21 17-19 18-22 19-58 20-25 21-12 22-58 23-3 24-22 25-3 26-31 27-33 28-12 29-58 30-9 31-24 32-15 33-43 34-43 35-3 36-45 37-5 38-37 39-43 40-55 41-58 42-39 43-51 44-9 45-36 46-58 
0-2 1-3 2-23 3-5 4-5 5-5 6-9 7-23 8-12 9-9 10-0 11-13 12-9 13-10 14-23 15-17 16-5 17-21 18-22 19-19 20-23 
0-2 1-0 2-43 3-24 4-11 5-9 6-43 7-43 8-13 9-9 10-18 11-16 12-15 13-19 14-43 15-36 16-11 17-24 18-26 19-26 20-28 21-29 22-11 23-11 24-7 25-34 26-36 27-37 28-38 29-12 30-43 31-11 32-43 33-43 
0-1 1-12 2-1 3-2 4-12 5-10 6-5 7-7 8-9 9-11 10-12 
0-0 1-32 2-39 3-3 4-4 5-5 6-7 7-49 8-9 9-49 10-49 11-11 12-49 13-11 14-15 15-16 16-6 17-35 18-49 19-22 20-23 21-49 22-11 23-30 24-49 25-16 26-35 27-24 28-49 29-25 30-49 31-39 32-16 33-29 34-35 35-36 36-34 37-49 38-38 39-39 40-47 41-48 42-28 43-49 44-35 45-46 46-41 47-31 48-49 
0-2 1-1 2-0 3-6 4-3 5-5 6-17 7-17 8-8 9-7 10-8 11-17 12-9 13-17 14-12 15-13 16-14 17-11 18-17 19-17 
0-0 1-2 2-2 3-22 4-4 5-5 6-7 7-6 8-22 9-8 10-9 11-11 12-12 13-21 14-12 15-13 16-14 17-13 18-17 19-11 20-22 
0-3 1-4 2-12 3-12 4-2 5-8 6-12 7-8 8-12 9-1 10-12 
0-2 1-0 2-2 3-3 4-4 5-6 6-19 7-2 8-7 9-14 10-8 11-9 12-11 13-13 14-14 15-22 16-20 17-2 18-14 19-20 20-2 21-14 22-14 23-23 
0-0 1-6 2-8 3-3 4-9 5-9 6-11 7-6 8-13 9-15 10-9 11-9 12-1 13-9 14-8 15-16 
0-0 1-6 2-6 3-7 4-3 5-11 6-6 7-6 8-1 9-1 10-9 11-12 
0-0 1-1 2-14 3-9 4-11 5-7 6-9 7-16 8-12 9-7 10-6 11-3 12-19 
0-0 1-1 2-3 3-5 4-2 5-6 
0-0 1-5 2-2 3-8 4-9 5-4 6-2 7-2 8-2 9-2 10-3 11-1 12-2 13-2 14-10 
0-0 1-1 2-1 3-1 4-2 5-4 6-2 7-4 8-5 9-6 
0-0 1-15 2-15 3-4 4-15 5-4 6-5 7-15 8-6 9-15 10-12 11-15 12-5 13-5 14-15 15-15 16-10 17-12 18-15 
0-0 1-1 2-18 3-3 4-18 5-5 6-5 7-18 8-7 9-8 10-8 11-10 12-18 13-11 14-2 15-12 16-18 17-2 18-18 19-18 
0-0 1-18 2-4 3-5 4-2 5-4 6-10 7-6 8-33 9-0 10-14 11-0 12-14 13-33 14-16 15-33 16-33 17-9 18-16 19-6 20-33 21-16 22-24 23-4 24-9 25-33 26-4 27-24 28-6 29-33 30-2 31-33 32-25 33-33 
0-3 1-0 2-1 3-3 4-4 5-5 6-6 7-7 8-8 9-28 10-10 11-28 12-12 13-28 14-24 15-25 16-26 17-27 18-9 19-13 20-15 21-16 22-28 23-3 24-19 25-20 26-28 27-28 28-28 
0-0 1-1 2-2 3-3 4-14 5-4 6-7 7-8 8-9 9-5 10-22 11-22 12-14 13-8 14-13 15-16 16-22 17-14 18-13 19-16 20-7 21-19 22-20 23-8 24-17 25-16 26-22 
0-0 1-2 2-13 3-8 4-11 5-13 6-5 7-13 8-6 9-11 10-10 11-11 12-12 13-9 14-13 
0-0 1-3 2-9 3-1 4-4 5-31 6-13 7-25 8-22 9-25 10-6 11-7 12-8 13-24 14-31 15-12 16-31 17-31 18-18 19-13 20-25 21-13 22-29 23-30 24-25 25-25 26-25 27-24 28-25 29-27 30-26 31-26 32-25 33-31 
0-1 1-0 2-9 3-4 4-9 5-9 6-6 7-9 
0-0 1-11 2-0 3-3 4-2 5-14 6-2 7-0 8-7 9-10 10-7 11-4 12-14 13-14 14-13 15-0 16-14 
0-0 1-15 2-16 3-16 4-16 5-11 6-3 7-16 8-9 9-10 10-16 11-6 12-16 13-16 
0-2 1-0 2-2 3-3 4-7 5-5 6-2 7-8 8-31 9-18 10-42 11-19 12-20 13-12 14-13 15-16 16-22 17-23 18-31 19-31 20-25 21-27 22-2 23-31 24-31 25-12 26-6 27-31 28-32 29-31 30-35 31-31 32-10 33-2 34-16 35-10 36-2 37-2 38-31 39-31 40-2 41-41 42-42 43-19 44-18 45-42 46-31 47-54 48-31 49-31 50-33 51-31 52-35 53-42 54-31 55-31 
0-15 1-1 2-2 3-6 4-15 5-4 6-6 7-7 8-15 9-6 10-6 11-14 12-13 13-15 14-15 15-15 16-14 17-15 
0-16 1-1 2-2 3-16 4-7 5-8 6-10 7-11 8-10 9-16 10-15 11-9 12-16 13-4 14-16 15-5 16-3 17-16 
0-13 1-11 2-3 3-3 4-3 5-12 6-11 7-11 8-5 9-1 10-2 11-13 
0-0 1-2 2-4 3-11 4-11 5-8 6-5 7-6 8-11 9-11 10-9 11-10 12-11 
0-1 1-1 2-2 3-13 4-7 5-6 6-11 7-15 
0-0 1-3 2-2 3-7 4-4 5-6 6-7 
0-13 1-0 2-2 3-4 4-8 5-8 6-3 7-8 8-7 9-11 10-12 11-7 12-6 13-13 
0-20 1-6 2-6 3-20 4-7 5-13 6-11 7-16 8-18 9-19 10-13 11-20 
0-0 
0-4 1-4 2-13 3-2 4-4 5-6 6-6 7-8 8-12 9-4 10-13 11-37 12-14 13-37 14-37 15-30 16-31 17-4 18-34 19-4 20-0 21-37 22-4 23-26 24-27 25-6 26-4 27-19 28-4 29-21 30-37 31-37 32-37 
0-10 1-7 2-8 3-9 4-10 5-10 6-1 7-10 8-10 
0-1 1-2 2-3 
0-0 1-1 2-1 3-13 4-32 5-10 6-12 7-3 8-11 9-15 10-16 11-17 12-18 13-19 14-3 15-21 16-22 17-23 18-24 19-15 20-3 21-27 22-3 23-11 24-32 25-3 26-15 27-3 28-32 
0-0 1-1 2-9 3-10 4-17 5-3 6-4 7-5 8-17 9-12 10-10 11-12 12-13 13-17 14-21 15-22 16-17 17-23 18-17 
0-0 1-6 2-1 3-7 4-5 5-4 6-16 7-10 8-16 9-16 10-16 11-15 12-16 
0-2 1-0 2-1 3-59 4-4 5-5 6-11 7-12 8-3 9-8 10-7 11-13 12-3 13-15 14-16 15-17 16-59 17-19 18-20 19-3 20-23 21-3 22-23 23-26 24-5 25-59 26-59 27-3 28-3 29-32 30-21 31-3 32-36 33-3 34-1 35-39 36-40 37-41 38-44 39-3 40-41 41-59 42-5 43-1 44-7 45-17 46-59 47-3 48-53 49-54 50-39 51-53 52-58 53-52 54-59 
0-0 1-1 2-2 3-4 4-13 5-3 6-39 7-39 8-5 9-6 10-8 11-9 12-2 13-39 14-5 15-39 16-5 17-19 18-5 19-25 20-21 21-20 22-22 23-39 24-5 25-30 26-20 27-32 28-33 29-26 30-27 31-15 32-5 33-36 34-37 35-38 36-5 37-39 
0-0 1-3 2-2 3-11 4-11 5-26 6-11 7-12 8-13 9-19 10-23 11-24 12-22 13-9 14-21 15-23 16-26 17-18 18-26 19-26 20-7 21-19 22-12 23-22 24-26 25-44 26-44 27-19 28-36 29-30 30-26 31-18 32-26 33-26 34-38 35-39 36-26 37-26 38-23 39-26 40-52 41-19 42-7 43-26 44-26 45-26 46-44 47-19 48-42 49-30 50-26 51-18 52-26 53-23 54-52 55-51 56-26 
0-2 1-27 2-7 3-8 4-3 5-4 6-5 7-27 8-11 9-12 10-9 11-9 12-27 13-13 14-27 15-27 16-9 17-20 18-18 19-13 20-7 21-26 22-22 23-9 24-27 25-27 
0-28 1-1 2-11 3-8 4-4 5-7 6-11 7-12 8-11 9-14 10-15 11-28 12-28 13-11 14-18 15-28 16-28 17-11 18-21 19-28 20-11 21-0 22-11 23-7 24-28 
0-0 1-1 2-9 3-3 4-4 5-5 6-9 7-9 8-2 9-9 10-10 11-9 12-12 13-19 14-9 15-27 16-21 17-13 18-41 19-10 20-32 21-19 22-2 23-21 24-22 25-2 26-8 27-24 28-23 29-17 30-32 31-5 32-49 33-30 34-31 35-9 36-33 37-36 38-9 39-35 40-37 41-44 42-9 43-44 44-32 45-41 46-42 47-27 48-9 49-32 50-41 51-46 52-48 53-47 54-30 55-49 56-16 57-32 
0-6 1-13 2-4 3-2 4-3 5-6 6-5 7-1 8-7 9-13 10-7 11-13 
0-39 1-2 2-3 3-6 4-2 5-7 6-39 7-10 8-8 9-9 10-39 11-5 12-4 13-39 14-11 15-11 16-18 17-39 18-18 19-39 20-15 21-2 22-2 23-2 24-2 25-2 26-3 27-2 28-2 29-32 30-32 31-2 32-2 33-35 34-39 35-37 36-37 37-18 38-38 39-39 40-39 41-32 42-27 43-39 44-2 45-39 46-10 47-2 48-42 49-4 50-32 51-2 52-34 53-35 54-44 55-39 56-2 57-32 58-39 59-37 60-52 61-53 62-40 63-39 
0-66 1-66 2-1 3-31 4-27 5-7 6-66 7-3 8-5 9-49 10-9 11-4 12-7 13-66 14-10 15-66 16-9 17-26 18-13 19-14 20-66 21-16 22-7 23-60 24-27 25-66 26-19 27-7 28-9 29-20 30-23 31-24 32-66 33-13 34-26 35-27 36-66 37-30 38-31 39-32 40-9 41-55 42-31 43-55 44-7 45-66 46-66 47-26 48-7 49-55 50-31 51-42 52-66 53-9 54-31 55-46 56-47 57-48 58-31 59-49 60-13 61-31 62-32 63-66 64-55 65-31 66-9 67-9 68-13 69-44 70-66 71-60 72-64 73-13 74-65 75-66 76-9 77-17 78-66 
0-0 1-7 2-5 3-8 4-28 5-1 6-2 7-28 8-12 9-13 10-9 11-7 12-28 13-28 14-28 15-9 16-14 17-28 18-20 19-23 20-9 21-27 22-9 23-24 24-28 
0-0 1-1 2-3 3-5 4-6 
0-2 1-0 2-33 3-1 4-15 5-15 6-9 7-1 8-3 9-5 10-2 11-33 12-5 13-29 14-16 15-14 16-16 17-9 18-10 19-11 20-33 21-16 22-21 23-33 24-33 25-18 26-24 27-25 28-29 29-16 30-32 31-23 32-30 33-28 34-33 35-33 
0-0 1-0 2-1 3-2 4-15 5-4 6-5 7-9 8-13 9-14 10-15 11-9 12-10 13-9 14-12 15-15 16-3 17-15 18-15 
0-19 1-3 2-0 3-2 4-5 5-6 6-19 7-19 8-19 9-19 10-19 11-12 12-19 13-19 14-17 15-19 16-19 
0-7 1-0 2-1 3-7 4-3 5-7 6-2 7-7 
0-11 1-11 2-11 3-1 4-2 5-1 6-4 7-11 8-9 9-11 10-11 11-11 
0-11 1-7 2-1 3-11 4-11 5-11 6-11 7-6 8-7 9-10 10-11 11-11 
0-0 1-7 2-1 3-6 4-7 
0-17 1-5 2-3 3-4 4-5 5-6 6-3 7-12 8-17 9-11 10-17 11-12 12-7 13-14 14-16 15-6 16-17 
0-7 1-1 2-2 3-3 4-7 5-5 6-7 7-7 
0-18 1-8 2-18 3-1 4-6 5-18 6-3 7-9 8-4 9-10 10-4 11-13 12-11 13-4 14-16 15-16 16-17 17-18 
0-42 1-1 2-42 3-3 4-4 5-42 6-6 7-8 8-4 9-12 10-13 11-14 12-4 13-20 14-15 15-21 16-23 17-13 18-25 19-42 20-27 21-42 22-29 23-30 24-23 25-42 26-4 27-2 28-42 29-37 30-42 31-36 32-42 33-37 34-38 35-42 36-41 37-40 38-39 39-42 
0-0 1-3 2-4 3-3 4-8 5-9 
0-4 1-1 2-2 3-3 4-4 
0-2 1-3 2-0 3-4 4-8 5-9 6-10 7-0 8-10 
0-0 1-1 2-2 3-4 4-5 5-38 6-38 7-8 8-9 9-38 10-6 11-4 12-38 13-38 14-23 15-25 16-26 17-38 18-8 19-9 20-6 21-4 22-5 23-12 24-13 25-14 26-13 27-38 28-17 29-18 30-19 31-38 32-4 33-2 34-38 35-38 
0-3 1-59 2-59 3-37 4-6 5-1 6-59 7-5 8-59 9-16 10-53 11-23 12-53 13-6 14-6 15-7 16-31 17-16 18-27 19-59 20-12 21-12 22-59 23-21 24-22 25-26 26-16 27-28 28-29 29-30 30-31 31-33 32-34 33-59 34-36 35-37 36-26 37-16 38-43 39-59 40-6 41-31 42-6 43-7 44-46 45-45 46-50 47-53 48-54 49-59 50-59 51-55 52-52 53-59 
0-1 1-3 2-4 3-0 4-1 5-1 6-5 
0-0 1-1 2-2 3-7 4-5 5-6 6-7 7-8 8-9 9-10 10-11 11-3 12-12 
0-0 1-1 2-2 3-29 4-5 5-14 6-29 7-7 8-8 9-9 10-8 11-17 12-16 13-29 14-11 15-27 16-21 17-13 18-13 19-29 20-22 21-13 22-23 23-8 24-27 25-28 26-29 
0-0 1-1 2-5 3-2 4-5 
0-31 1-7 2-2 3-7 4-31 5-5 6-31 7-9 8-10 9-11 10-31 11-5 12-3 13-31 14-10 15-19 16-31 17-13 18-31 19-31 20-31 21-31 22-25 23-11 24-23 25-24 26-31 27-10 28-30 29-31 30-31 
0-0 1-2 2-30 3-4 4-30 5-5 6-13 7-8 8-13 9-14 10-30 11-30 12-18 13-23 14-30 15-1 16-27 17-13 18-14 19-30 20-30 21-30 22-30 23-30 24-30 25-30 
0-0 1-2 2-24 3-24 4-24 5-3 6-17 7-9 8-16 9-17 10-15 11-19 12-21 13-15 14-15 15-10 16-14 17-6 18-24 
0-18 1-1 2-18 3-18 4-2 5-18 6-3 7-18 8-18 9-6 10-7 11-5 12-11 13-13 14-18 15-18 16-18 17-18 18-17 19-6 20-6 21-7 22-18 23-18 
0-19 1-19 2-19 3-7 4-19 5-10 6-8 7-3 8-19 9-3 10-10 11-8 12-19 13-3 14-14 15-15 16-16 17-17 18-18 19-19 20-19 21-19 
0-2 1-6 2-3 3-4 4-7 5-8 6-7 7-12 8-4 9-14 10-14 11-14 
0-0 1-1 2-3 3-3 4-4 5-6 
0-0 1-1 2-28 3-28 4-2 5-3 6-5 7-6 8-7 9-6 10-10 11-10 12-28 13-6 14-20 15-6 16-19 17-5 18-22 19-23 20-24 21-28 22-5 23-6 24-5 25-28 26-28 27-28 28-4 29-28 
0-0 1-7 2-1 3-2 4-3 5-4 6-7 7-7 8-5 9-7 10-6 11-7 
0-9 1-5 2-21 3-10 4-21 5-21 6-12 7-13 8-1 9-2 10-16 11-17 12-1 13-2 14-19 15-21 16-21 
0-0 1-1 2-11 3-2 4-8 5-13 6-6 7-3 8-11 9-11 10-12 11-10 12-13 
0-7 1-4 2-10 3-6 4-10 5-9 6-10 7-12 8-7 9-16 
0-2 1-0 2-13 3-36 4-3 5-40 6-11 7-12 8-6 9-6 10-7 11-5 12-2 13-3 14-15 15-2 16-13 17-17 18-25 19-28 20-2 21-11 22-22 23-52 24-29 25-30 26-3 27-10 28-28 29-27 30-13 31-36 32-40 33-11 34-39 35-40 36-11 37-42 38-11 39-1 40-11 41-39 42-11 43-51 44-11 45-59 46-54 47-13 48-54 49-11 50-22 51-52 52-13 53-10 54-13 
0-0 1-3 2-2 3-36 4-4 5-5 6-6 7-7 8-7 9-36 10-10 11-36 12-36 13-13 14-14 15-17 16-21 17-36 18-22 19-5 20-7 21-26 22-14 23-36 24-27 25-36 26-11 27-28 28-9 29-35 30-34 31-36 32-5 33-32 34-36 35-29 36-36 
0-11 1-11 2-2 3-0 4-5 5-6 6-11 7-7 8-11 
0-2 1-9 2-3 3-4 4-14 5-7 6-1 7-12 8-12 9-13 10-11 11-14 
0-0 1-1 2-5 3-3 4-4 5-5 
0-0 1-10 2-2 3-10 4-4 5-5 6-10 7-10 8-7 9-10 10-9 11-10 12-10 
0-2 1-0 2-17 3-3 4-6 5-5 6-7 7-8 8-17 9-17 10-17 11-17 12-2 13-10 14-11 15-2 16-17 17-17 18-17 19-17 20-16 21-17 22-17 
0-32 1-19 2-17 3-35 4-6 5-7 6-7 7-41 8-14 9-41 10-19 11-41 12-25 13-33 14-25 15-20 16-6 17-29 18-6 19-31 20-22 21-6 22-36 23-41 24-41 25-34 26-37 27-35 28-36 29-40 30-41 
0-0 1-18 2-1 3-18 4-5 5-6 6-5 7-2 8-18 9-18 10-10 11-14 12-4 13-10 14-4 15-18 16-18 
0-44 1-7 2-12 3-44 4-10 5-44 6-44 7-24 8-6 9-32 10-4 11-44 12-44 13-10 14-5 15-44 16-10 17-11 18-13 19-33 20-44 21-44 22-18 23-6 24-21 25-22 26-23 27-24 28-25 29-44 30-44 31-28 32-33 33-44 34-18 35-44 36-33 37-44 38-44 39-44 40-34 41-44 42-35 43-24 44-37 45-38 46-24 47-40 48-10 49-33 50-44 
0-7 1-1 2-2 3-0 4-7 5-7 
0-0 1-2 2-1 3-3 4-4 5-68 6-33 7-7 8-8 9-9 10-3 11-11 12-12 13-3 14-14 15-9 16-68 17-9 18-47 19-27 20-28 21-25 22-3 23-52 24-6 25-34 26-3 27-9 28-6 29-41 30-42 31-4 32-9 33-68 34-68 35-3 36-27 37-3 38-51 39-47 40-40 41-23 42-45 43-68 44-54 45-55 46-3 47-59 48-3 49-61 50-32 51-63 52-3 53-67 54-32 55-66 56-68 
0-0 1-4 2-25 3-5 4-6 5-11 6-6 7-7 8-6 9-8 10-25 11-25 12-6 13-14 14-15 15-5 16-6 17-18 18-6 19-6 20-24 21-20 22-25 
0-0 1-3 2-1 3-2 4-3 5-4 6-6 7-7 8-8 9-5 10-11 11-8 12-14 13-15 14-16 15-3 16-3 17-17 
0-2 1-0 2-14 3-3 4-5 5-8 6-9 7-10 8-14 9-11 10-14 11-11 12-10 13-12 14-13 15-7 16-14 
0-0 1-1 2-4 
0-2 1-0 2-1 3-8 4-4 5-5 6-7 7-6 8-8 
0-0 1-1 2-14 3-6 4-10 5-5 6-3 7-14 8-6 9-0 10-14 11-13 12-10 13-0 14-14 
0-7 1-7 2-7 3-7 4-7 5-5 6-7 
0-1 1-5 2-0 3-1 4-2 5-1 6-5 7-6 8-7 9-1 10-5 11-5 12-8 13-9 14-10 15-1 16-13 17-15 18-5 19-5 20-15 21-1 
0-2 1-0 2-1 3-13 4-4 5-5 6-3 7-9 8-3 9-12 10-7 11-13 
0-5 1-6 2-6 3-6 4-6 
0-2 1-0 2-47 3-3 4-4 5-5 6-6 7-35 8-21 9-22 10-24 11-4 12-28 13-7 14-47 15-22 16-47 17-9 18-10 19-9 20-35 21-13 22-4 23-3 24-16 25-17 26-35 27-7 28-47 29-9 30-35 31-36 32-47 33-47 34-4 35-6 36-3 37-43 38-45 39-46 40-36 41-35 42-47 43-47 
0-4 1-4 2-4 3-2 4-4 
0-0 1-1 2-3 3-7 4-30 5-4 6-0 7-7 8-6 9-10 10-2 11-7 12-19 13-1 14-30 15-7 16-26 17-28 18-29 19-30 20-7 21-19 22-24 23-19 24-30 
0-5 1-1 2-5 3-3 4-4 5-5 
0-28 1-1 2-28 3-3 4-6 5-28 6-12 7-5 8-28 9-15 10-16 11-18 12-19 13-17 14-28 15-7 16-5 17-5 18-28 19-5 20-22 21-24 22-25 23-26 24-27 25-5 26-28 27-28 
0-2 1-0 2-1 3-3 4-7 5-9 6-10 7-5 8-29 9-29 10-29 11-12 12-3 13-14 14-3 15-15 16-16 17-29 18-7 19-7 20-9 21-28 22-9 23-24 24-25 25-26 26-23 27-7 28-7 29-29 
0-0 1-6 2-4 3-6 4-2 5-3 6-6 
0-0 1-1 2-5 3-23 4-4 5-5 6-6 7-14 8-23 9-9 10-23 11-5 12-13 13-14 14-7 15-23 16-23 17-17 18-23 19-5 20-23 21-23 
0-10 1-3 2-0 3-3 4-10 5-5 6-6 7-7 8-5 9-9 10-10 
0-0 1-8 2-2 3-8 4-8 5-8 6-4 7-5 8-7 9-7 10-8 11-8 
0-2 1-5 2-6 3-7 4-9 5-18 6-10 7-13 8-18 9-17 10-5 11-18 
0-0 1-1 2-10 3-3 4-4 5-3 6-9 7-3 8-6 9-2 10-29 11-29 12-3 13-14 14-29 15-14 16-29 17-3 18-3 19-3 20-29 21-29 22-29 23-3 24-18 25-20 26-24 27-23 28-19 29-29 30-29 31-28 32-26 33-29 
0-4 1-4 2-16 3-2 4-4 5-3 6-16 7-4 8-5 9-6 10-7 11-8 12-9 13-10 14-18 15-12 16-13 17-14 18-50 19-17 20-18 21-20 22-30 23-22 24-23 25-24 26-18 27-16 28-4 29-29 30-30 31-31 32-33 33-18 34-32 35-4 36-4 37-4 38-33 39-6 40-37 41-10 42-39 43-40 44-8 45-42 46-16 47-4 48-45 49-46 50-30 51-51 52-74 53-52 54-23 55-52 56-6 57-57 58-6 59-9 60-10 61-61 62-62 63-7 64-8 65-9 66-62 67-9 68-8 69-7 70-6 71-71 72-10 73-10 74-74 
0-51 1-8 2-0 3-10 4-2 5-12 6-13 7-14 8-15 9-18 10-21 11-17 12-18 13-1 14-26 15-51 16-51 17-22 18-18 19-1 20-17 21-18 22-38 23-51 24-18 25-43 26-18 27-27 28-18 29-44 30-27 31-51 
0-0 1-1 2-31 3-4 4-5 5-17 6-9 7-9 8-9 9-9 10-10 11-11 12-12 13-13 14-3 15-31 16-31 17-31 18-31 19-31 20-31 21-31 22-17 23-17 24-24 25-31 26-27 27-28 28-29 29-30 30-14 31-31 32-31 
0-27 1-30 2-30 3-30 4-10 5-30 6-13 7-17 8-7 9-30 10-13 11-7 12-13 13-15 14-18 15-30 16-13 17-22 18-18 19-30 20-13 21-27 22-30 23-30 24-7 25-13 26-29 27-30 28-30 29-30 30-1 31-30 32-30 
0-15 1-2 2-8 3-7 4-8 5-25 6-11 7-12 8-13 9-14 10-4 11-14 12-14 13-8 14-20 15-23 16-8 17-23 18-23 19-23 20-23 21-14 22-14 23-14 24-14 25-14 26-14 27-14 
0-1 1-38 2-40 3-40 4-2 5-3 6-4 7-6 8-3 9-9 10-21 11-3 12-18 13-40 14-3 15-1 16-20 17-16 18-23 19-19 20-3 21-25 22-28 23-23 24-1 25-40 26-40 27-32 28-38 29-19 30-35 31-36 32-3 33-3 34-39 35-2 36-40 37-40 
0-16 1-10 2-4 3-4 4-5 5-6 6-33 7-4 8-8 9-10 10-4 11-12 12-11 13-6 14-33 15-18 16-16 17-44 18-10 19-21 20-44 21-5 22-16 23-6 24-26 25-34 26-16 27-12 28-4 29-4 30-36 31-4 32-39 33-40 34-36 35-31 36-12 37-45 38-29 39-28 40-44 41-16 
0-0 1-25 2-53 3-53 4-3 5-9 6-5 7-51 8-39 9-0 10-51 11-17 12-5 13-25 14-5 15-19 16-20 17-5 18-25 19-5 20-4 21-25 22-26 23-27 24-25 25-29 26-53 27-25 28-53 29-53 30-25 31-40 32-53 33-38 34-14 35-30 36-53 37-20 38-25 39-29 40-53 41-25 42-53 43-15 44-53 45-45 46-53 47-14 48-50 49-51 50-51 51-17 52-49 53-53 54-53 55-11 56-53 57-53 
0-6 1-7 2-8 3-7 4-14 5-24 6-3 7-7 8-7 9-29 10-11 11-7 12-13 13-6 14-24 15-18 16-26 17-29 18-7 19-28 20-22 21-1 22-22 23-29 24-2 25-29 26-20 27-29 28-21 29-14 30-29 
0-0 1-8 2-2 3-15 4-4 5-3 6-36 7-36 8-11 9-1 10-15 11-13 12-15 13-16 14-15 15-36 16-14 17-21 18-36 19-23 20-24 21-25 22-36 23-9 24-36 25-15 26-14 27-15 28-33 29-24 30-32 31-36 32-29 33-30 34-28 35-36 
0-0 1-1 2-18 3-2 4-4 5-3 6-29 7-6 8-3 9-8 10-10 11-29 12-1 13-15 14-17 15-29 16-5 17-18 18-9 19-29 20-22 21-22 22-29 23-26 24-29 25-23 26-29 
0-0 1-1 2-23 3-3 4-4 5-6 6-8 7-14 8-11 9-4 10-14 11-11 12-13 13-23 14-23 15-14 16-14 17-14 18-21 19-14 20-16 21-23 22-23 
0-16 1-16 2-16 3-2 4-7 5-7 6-8 7-7 8-15 9-11 10-9 11-7 12-16 
0-29 1-29 2-1 3-9 4-3 5-4 6-1 7-3 8-3 9-29 10-12 11-7 12-29 13-41 14-11 15-29 16-3 17-3 18-25 19-3 20-36 21-36 22-29 23-29 24-20 25-21 26-25 27-26 28-27 29-29 30-24 31-10 32-33 33-29 34-1 35-18 36-32 37-1 38-34 39-35 40-36 41-29 42-39 43-41 44-29 45-3 46-29 47-25 48-11 49-42 50-39 51-29 
0-19 1-19 2-13 3-2 4-19 5-9 6-7 7-15 8-13 9-14 10-2 11-2 12-2 13-18 14-19 
0-16 1-16 2-24 3-5 4-2 5-3 6-24 7-6 8-7 9-24 10-24 11-4 12-10 13-32 14-24 15-10 16-24 17-6 18-15 19-24 20-24 21-17 22-5 23-24 24-24 25-10 26-6 27-21 28-24 29-24 30-16 31-8 32-6 33-31 34-35 35-37 36-38 37-40 38-42 39-44 40-45 41-5 42-38 43-38 44-15 45-31 46-24 
0-0 1-1 2-6 3-6 4-2 5-3 6-5 7-4 8-6 
0-0 1-1 2-16 3-0 4-3 5-16 6-10 7-16 8-1 9-2 10-16 11-2 12-1 13-7 14-16 15-8 16-2 17-16 18-11 19-16 20-10 21-8 22-13 23-7 24-15 25-9 26-16 
0-0 1-2 2-50 3-9 4-10 5-3 6-19 7-5 8-6 9-7 10-49 11-50 12-48 13-50 14-12 15-14 16-0 17-50 18-16 19-17 20-5 21-21 22-22 23-23 24-18 25-50 26-24 27-25 28-5 29-28 30-43 31-26 32-50 33-12 34-0 35-14 36-50 37-36 38-1 39-25 40-8 41-48 42-45 43-40 44-42 45-35 46-50 47-25 48-47 49-43 50-47 51-50 
0-25 1-0 2-1 3-25 4-3 5-4 6-0 7-4 8-2 9-5 10-25 11-7 12-0 13-10 14-25 15-12 16-15 17-13 18-13 19-25 20-16 21-25 22-5 23-23 24-19 25-7 26-24 27-25 28-25 29-17 30-25 31-25 
0-24 1-0 2-1 3-2 4-3 5-0 6-4 7-7 8-9 9-8 10-24 11-11 12-24 13-24 14-17 15-24 16-14 17-19 18-6 19-20 20-11 21-24 
0-21 1-1 2-21 3-3 4-4 5-7 6-8 7-15 8-21 9-21 10-8 11-21 12-13 13-15 14-16 15-17 16-11 17-10 18-6 19-5 20-21 
0-6 1-7 2-2 3-31 4-1 5-9 6-7 7-26 8-2 9-13 10-1 11-31 12-31 13-15 14-16 15-17 16-20 17-31 18-18 19-31 20-21 21-31 22-2 23-22 24-26 25-2 26-27 27-3 28-24 29-25 30-23 31-31 
0-6 1-2 2-37 3-1 4-8 5-1 6-37 7-37 8-10 9-14 10-11 11-11 12-15 13-16 14-2 15-1 16-2 17-21 18-10 19-23 20-37 21-24 22-25 23-2 24-1 25-2 26-30 27-10 28-30 29-37 30-2 31-6 32-36 33-34 34-37 
0-44 1-0 2-1 3-44 4-2 5-2 6-4 7-5 8-44 9-7 10-8 11-2 12-11 13-2 14-14 15-44 16-15 17-6 18-44 19-19 20-18 21-44 22-44 23-5 24-24 25-44 26-44 27-41 28-44 29-43 30-25 31-26 32-6 33-28 34-44 35-29 36-30 37-6 38-24 39-33 40-6 41-24 42-44 43-39 44-44 
0-0 1-9 2-9 3-9 4-6 5-1 6-9 7-8 8-9 
0-0 1-1 2-2 3-19 4-19 5-17 6-19 7-17 8-19 9-19 10-19 11-19 12-11 13-12 14-13 15-11 16-15 17-16 18-17 19-18 20-7 21-19 
0-42 1-18 2-41 3-42 4-19 5-42 6-6 7-7 8-7 9-14 10-5 11-4 12-42 13-10 14-11 15-14 16-16 17-15 18-19 19-20 20-18 21-16 22-42 23-22 24-2 25-42 26-42 27-42 28-19 29-32 30-33 31-23 32-27 33-42 34-2 35-42 36-42 37-42 38-19 39-19 40-19 41-42 42-27 43-27 44-42 
0-2 1-33 2-4 3-3 4-6 5-7 6-8 7-18 8-1 9-12 10-32 11-14 12-35 13-35 14-17 15-19 16-18 17-35 18-20 19-16 20-23 21-25 22-16 23-7 24-28 25-29 26-30 27-31 28-33 29-34 30-13 31-1 32-1 33-35 
0-0 1-19 2-2 3-2 4-4 5-19 6-1 7-19 8-7 9-8 10-9 11-19 12-11 13-13 14-14 15-10 16-19 17-16 18-8 19-4 20-19 
0-1 1-2 2-3 3-14 4-4 5-19 6-3 7-8 8-9 9-9 10-14 11-14 12-10 13-11 14-8 15-14 16-12 17-5 18-3 19-9 20-15 21-13 22-14 23-14 24-14 25-17 26-19 
0-3 1-1 2-2 3-3 
0-0 1-1 2-28 3-3 4-4 5-28 6-25 7-8 8-7 9-10 10-11 11-28 12-28 13-5 14-28 15-2 16-17 17-14 18-15 19-25 20-14 21-27 22-5 23-28 24-22 25-23 26-24 27-19 28-16 29-28 
0-27 1-2 2-27 3-1 4-5 5-3 6-27 7-6 8-27 9-27 10-9 11-27 12-0 13-10 14-27 15-17 16-24 17-18 18-27 19-20 20-21 21-23 22-24 23-0 24-5 25-10 26-27 
0-11 1-38 2-2 3-8 4-5 5-3 6-31 7-14 8-17 9-18 10-19 11-25 12-26 13-27 14-13 15-29 16-25 17-3 18-2 19-31 20-13 21-32 22-33 23-31 24-7 25-36 26-42 27-31 28-44 29-38 30-39 31-38 32-42 33-7 34-47 35-31 
0-18 1-18 2-17 3-5 4-3 5-4 6-14 7-15 8-16 9-35 10-17 11-12 12-13 13-5 14-17 15-17 16-18 17-22 18-18 19-17 20-26 21-26 22-40 23-17 24-26 25-35 26-42 27-39 28-40 29-40 30-39 31-44 32-14 33-15 34-33 35-26 36-17 
0-4 1-2 2-1 3-3 4-4 
0-2 1-21 2-5 3-1 4-19 5-21 6-21 7-1 8-10 9-21 10-4 11-1 12-21 13-1 14-18 15-21 16-21 
0-0 1-1 2-18 3-24 4-3 5-4 6-18 7-24 8-24 9-24 10-18 11-17 12-6 13-24 14-24 15-3 16-4 17-22 18-23 19-24 20-12 21-24 22-24 
0-10 1-3 2-0 3-2 4-9 5-4 6-5 7-6 8-2 9-2 10-7 11-9 12-4 13-17 14-9 15-2 16-7 17-9 18-4 19-17 20-9 21-28 22-39 23-5 24-40 25-9 26-5 27-23 28-5 29-23 30-9 31-40 32-9 33-42 34-33 35-34 36-24 37-28 38-14 39-9 40-9 41-5 42-9 43-9 44-5 45-5 46-5 47-5 48-23 49-39 50-9 
0-25 1-25 2-25 3-2 4-3 5-25 6-9 7-8 8-5 9-3 10-25 11-3 12-18 13-25 14-3 15-19 16-20 17-3 18-21 19-1 20-24 21-15 22-6 23-25 
0-0 1-1 2-34 3-14 4-34 5-4 6-5 7-6 8-34 9-14 10-1 11-8 12-10 13-11 14-34 15-12 16-13 17-34 18-18 19-19 20-21 21-17 22-22 23-31 24-32 25-20 26-18 27-30 28-21 29-26 30-34 
0-4 1-4 2-4 3-1 4-4 5-4 
0-6 1-8 2-7 3-9 4-9 5-2 6-3 7-9 
0-0 1-1 2-2 3-3 4-17 5-21 6-27 7-27 8-10 9-11 10-9 11-12 12-9 13-11 14-9 15-12 16-27 17-27 18-25 19-11 20-24 21-17 22-27 
0-1 1-1 2-8 3-2 4-10 5-4 6-10 7-6 8-10 9-8 10-9 11-10 
0-0 1-1 2-3 3-4 4-5 5-24 6-6 7-24 8-10 9-17 10-8 11-24 12-24 13-12 14-10 15-14 16-15 17-24 18-24 19-24 20-14 21-19 22-24 23-21 24-22 25-23 26-17 27-24 
0-5 1-4 2-9 3-7 4-9 5-2 6-6 7-1 8-4 9-3 10-9 
0-0 1-1 2-39 3-1 4-0 5-1 6-39 7-4 8-5 9-9 10-5 11-6 12-39 13-5 14-16 15-19 16-10 17-17 18-39 19-18 20-12 21-12 22-36 23-13 24-39 25-36 26-20 27-5 28-39 29-24 30-24 31-27 32-24 33-14 34-33 35-34 36-36 37-22 38-39 
0-43 1-43 2-32 3-43 4-5 5-6 6-7 7-43 8-43 9-10 10-11 11-14 12-32 13-19 14-20 15-16 16-25 17-11 18-14 19-43 20-3 21-24 22-14 23-31 24-30 25-18 26-14 27-42 28-14 29-14 30-38 31-11 32-43 
0-68 1-1 2-68 3-1 4-5 5-7 6-2 7-2 8-68 9-9 10-10 11-1 12-12 13-68 14-12 15-68 16-17 17-68 18-68 19-68 20-8 21-1 22-22 23-23 24-27 25-28 26-1 27-29 28-8 29-31 30-32 31-24 32-27 33-15 34-0 35-26 36-68 37-68 38-8 39-8 40-15 41-47 42-68 43-68 44-12 45-8 46-5 47-50 48-28 49-10 50-44 51-41 52-17 53-1 54-49 55-50 56-22 57-0 58-56 59-1 60-1 61-61 62-5 63-65 64-66 65-68 66-55 67-68 68-36 69-68 
0-1 1-52 2-52 3-52 4-3 5-4 6-6 7-5 8-52 9-12 10-13 11-16 12-8 13-8 14-10 15-8 16-11 17-52 18-18 19-8 20-12 21-16 22-12 23-28 24-8 25-9 26-52 27-52 28-34 29-34 30-14 31-15 32-52 33-12 34-26 35-30 36-46 37-15 38-47 39-52 40-12 41-12 42-17 43-49 44-52 45-30 46-15 47-42 48-12 49-8 50-26 51-52 52-40 53-52 
0-0 1-1 2-18 3-7 4-18 5-3 6-5 7-4 8-5 9-2 10-1 11-7 12-11 13-12 14-13 15-14 16-10 17-16 18-17 19-18 
0-18 1-18 2-6 3-8 4-9 5-18 6-12 7-2 8-1 9-18 10-5 11-3 12-4 13-18 14-10 15-18 16-18 17-12 18-14 19-15 20-18 21-16 22-17 23-13 24-18 
0-0 1-2 2-9 3-9 4-4 5-5 6-6 7-9 8-7 9-9 
0-4 1-16 2-16 3-16 4-5 5-16 6-16 7-10 8-11 9-13 10-5 11-15 12-9 13-16 
0-0 1-1 2-15 3-22 4-22 5-22 6-15 7-5 8-9 9-15 10-10 11-13 12-8 13-7 14-22 15-16 16-4 17-22 18-17 19-22 20-15 21-18 22-15 23-20 24-21 25-22 
0-14 1-3 2-4 3-8 4-1 5-2 6-13 7-9 8-10 9-11 10-14 11-6 12-14 
0-17 1-50 2-3 3-50 4-16 5-21 6-40 7-50 8-9 9-12 10-2 11-21 12-26 13-21 14-28 15-31 16-21 17-37 18-33 19-34 20-35 21-14 22-3 23-16 24-21 25-22 26-24 27-14 28-24 29-19 30-38 31-14 32-3 33-21 34-41 35-21 36-25 37-17 38-46 39-47 40-48 41-13 42-50 
0-0 1-1 2-2 3-3 4-17 5-17 6-6 7-6 8-5 9-6 10-7 11-10 12-6 13-16 14-12 15-13 16-14 17-17 18-17 
0-49 1-3 2-49 3-10 4-6 5-8 6-10 7-11 8-11 9-49 10-49 11-3 12-15 13-49 14-3 15-20 16-22 17-27 18-3 19-33 20-29 21-30 22-31 23-49 24-8 25-22 26-26 27-18 28-49 29-34 30-27 31-3 32-39 33-3 34-40 35-27 36-3 37-43 38-33 39-31 40-30 41-46 42-49 43-36 44-37 45-27 46-49 
0-3 1-3 2-17 3-17 4-7 5-4 6-2 7-17 8-16 9-12 10-6 11-8 12-5 13-17 
0-2 1-3 2-3 3-5 4-6 5-7 6-7 7-15 8-15 9-15 10-11 11-5 12-14 13-10 14-2 15-15 
0-6 1-12 2-13 3-1 4-3 5-15 6-4 7-5 8-4 9-3 10-14 11-9 12-10 13-11 14-7 15-15 
0-0 1-5 2-7 3-6 4-2 5-4 6-1 7-4 8-11 9-4 10-12 11-6 12-14 13-15 14-3 15-16 
0-3 1-1 2-4 3-5 4-25 5-1 6-25 7-5 8-12 9-13 10-25 11-4 12-24 13-20 14-21 15-22 16-15 17-14 18-25 
0-20 1-5 2-17 3-18 4-19 5-2 6-5 7-1 8-20 9-2 10-20 11-13 12-20 13-5 14-6 15-7 16-5 17-9 18-11 19-3 20-20 
0-29 1-27 2-4 3-6 4-6 5-15 6-8 7-3 8-11 9-3 10-10 11-2 12-12 13-14 14-29 15-29 16-14 17-8 18-29 19-3 20-21 21-18 22-17 23-29 24-24 25-6 26-6 27-8 28-3 29-26 30-27 31-28 32-29 
0-3 1-4 2-5 3-4 4-18 5-29 6-13 7-10 8-11 9-29 10-4 11-15 12-4 13-20 14-17 15-4 16-14 17-29 18-29 19-7 20-29 21-24 22-4 23-23 24-26 25-28 26-29 27-25 28-29 
0-0 1-1 2-10 3-40 4-40 5-3 6-4 7-6 8-15 9-10 10-21 11-27 12-17 13-40 14-11 15-40 16-12 17-20 18-8 19-9 20-40 21-23 22-0 23-26 24-40 25-1 26-40 27-29 28-10 29-31 30-10 31-39 32-40 33-2 34-6 35-10 36-40 
0-0 1-1 2-4 3-2 4-3 5-4 
0-0 1-1 2-2 3-3 4-4 
0-0 1-1 2-2 3-5 4-6 5-7 6-6 7-4 8-0 
0-0 1-1 2-2 3-1 4-5 5-3 6-5 7-4 8-1 9-8 
0-1 1-1 2-3 3-2 4-6 5-7 
0-10 1-1 2-2 3-3 4-6 5-8 6-9 7-10 
0-1 1-1 2-3 3-4 
0-0 1-1 2-28 3-3 4-5 5-8 6-9 7-10 8-14 9-12 10-7 11-6 12-28 13-14 14-12 15-1 16-17 17-19 18-27 19-23 20-26 21-24 22-28 23-28 
0-0 1-2 2-5 3-5 4-6 5-6 
0-0 1-2 2-9 3-5 4-9 5-3 6-9 7-9 
0-0 1-2 2-9 3-6 4-9 5-9 6-8 7-1 8-5 9-7 10-9 
0-0 1-2 2-3 3-1 4-7 5-33 6-9 7-4 8-36 9-11 10-36 11-13 12-4 13-16 14-33 15-20 16-21 17-22 18-23 19-36 20-26 21-21 22-28 23-4 24-6 25-36 26-29 27-30 28-33 29-35 30-11 31-35 32-33 33-33 34-18 35-36 36-17 37-4 38-36 
0-0 1-1 2-10 3-3 4-5 5-7 6-9 7-8 8-27 9-27 10-27 11-11 12-10 13-13 14-14 15-15 16-17 17-13 18-23 19-15 20-26 21-13 22-21 23-10 24-10 25-27 
0-0 1-1 2-4 3-5 4-10 5-10 6-8 7-7 8-9 9-10 
0-0 1-0 2-3 3-2 4-4 
0-2 1-1 2-0 3-0 4-3 5-24 6-4 7-0 8-8 9-24 10-12 11-20 12-0 13-10 14-4 15-12 16-13 17-12 18-15 19-22 20-23 21-2 22-12 23-20 24-24 25-16 26-24 
0-0 1-1 2-13 3-7 4-10 5-11 6-12 7-13 
0-22 1-13 2-1 3-2 4-4 5-4 6-22 7-6 8-1 9-8 10-9 11-6 12-13 13-10 14-22 15-14 16-15 17-19 18-22 19-17 20-22 21-11 22-22 23-22 
0-0 1-2 2-1 3-23 4-3 5-23 6-19 7-4 8-4 9-16 10-6 11-23 12-23 13-11 14-23 15-23 16-8 17-3 18-23 19-23 20-23 21-4 22-15 23-8 24-22 25-17 26-9 27-23 
0-0 1-1 2-35 3-41 4-35 5-3 6-4 7-8 8-9 9-10 10-14 11-7 12-35 13-11 14-23 15-9 16-31 17-29 18-14 19-34 20-9 21-28 22-9 23-12 24-37 25-12 26-35 27-3 28-23 29-22 30-20 31-35 32-37 33-39 34-42 35-35 36-3 37-9 38-45 39-41 40-46 41-11 42-37 43-50 44-28 45-49 46-35 
0-0 1-1 2-2 3-6 4-11 5-11 6-11 7-11 8-11 9-11 10-9 11-11 
0-0 1-1 2-2 3-13 4-13 5-13 6-7 7-9 8-4 9-13 10-10 11-13 12-13 13-13 14-13 
0-0 1-1 2-3 3-20 4-2 5-20 6-20 7-20 8-8 9-9 10-11 11-12 12-13 13-15 14-20 15-20 16-17 17-18 18-19 19-20 
0-0 1-8 2-5 3-6 4-7 5-8 6-3 7-8 
0-15 1-6 2-15 3-15 4-9 5-15 6-14 7-12 8-15 9-11 10-15 
0-0 1-1 2-7 3-5 4-4 5-6 6-7 
0-27 1-1 2-2 3-3 4-4 5-11 6-35 7-4 8-7 9-8 10-35 11-9 12-11 13-18 14-11 15-11 16-12 17-11 18-10 19-16 20-27 21-28 22-30 23-35 24-9 25-35 26-35 27-27 28-35 29-25 30-35 31-4 32-23 33-20 34-35 
0-0 1-1 2-35 3-3 4-4 5-5 6-35 7-9 8-10 9-11 10-35 11-11 12-14 13-15 14-35 15-17 16-18 17-0 18-35 19-20 20-20 21-35 22-22 23-7 24-35 25-14 26-21 27-27 28-35 29-28 30-26 31-14 32-33 33-34 34-15 35-35 36-15 37-35 
0-0 1-31 2-31 3-2 4-2 5-31 6-5 7-31 8-6 9-7 10-8 11-31 12-7 13-15 14-12 15-11 16-10 17-31 18-17 19-18 20-19 21-22 22-23 23-24 24-21 25-9 26-31 27-25 28-22 29-27 30-31 31-28 32-29 33-30 34-31 
0-0 1-1 2-27 3-4 4-7 5-27 6-5 7-2 8-27 9-27 10-10 11-11 12-14 13-4 14-16 15-17 16-10 17-27 18-4 19-22 20-23 21-27 22-27 23-13 24-27 25-25 26-26 27-27 
0-0 1-2 2-12 3-1 4-37 5-37 6-7 7-7 8-8 9-12 10-14 11-15 12-37 13-8 14-7 15-37 16-37 17-17 18-18 19-20 20-20 21-37 22-37 23-37 24-23 25-29 26-30 27-31 28-32 29-33 30-7 31-24 32-25 33-26 34-7 35-7 36-34 37-28 38-37 
0-0 1-1 2-7 3-7 4-8 5-9 6-7 7-3 8-4 9-5 10-7 11-7 12-12 13-13 14-14 15-16 16-18 17-2 18-20 
0-0 1-1 2-2 3-3 4-4 5-5 6-6 7-4 8-4 9-9 10-10 11-11 12-12 13-13 14-14 15-15 16-16 17-10 18-4 19-17 20-5 21-20 22-14 23-5 24-23 25-9 26-25 27-17 28-18 29-4 30-9 31-26 32-31 33-25 34-9 35-32 
0-0 1-1 2-1 3-8 4-4 5-3 6-13 7-6 8-7 9-21 10-21 11-6 12-6 13-21 14-21 15-3 16-11 17-13 18-21 
0-9 1-5 2-28 3-28 4-5 5-2 6-0 7-1 8-4 9-28 10-8 11-9 12-10 13-11 14-13 15-16 16-17 17-28 18-9 19-5 20-21 21-18 22-22 23-9 24-24 25-15 26-26 27-28 
0-0 1-6 2-2 3-3 4-19 5-5 6-14 7-9 8-10 9-7 10-20 11-13 12-18 13-14 14-9 15-10 16-20 
0-14 1-7 2-14 3-4 4-10 5-14 6-1 7-14 8-8 9-13 10-10 11-11 12-12 13-13 14-14 
0-24 1-0 2-2 3-3 4-4 5-5 6-6 7-15 8-10 9-7 10-8 11-4 12-24 13-15 14-14 15-15 16-13 17-24 18-15 19-5 20-9 21-20 22-18 23-6 24-24 25-24 26-14 27-24 
0-0 1-2 2-3 3-4 4-15 5-15 6-5 7-12 8-15 9-13 10-7 11-15 12-15 13-11 14-7 15-24 16-29 17-24 18-15 19-12 20-24 21-17 22-15 23-24 24-15 25-24 26-24 27-21 28-22 29-7 30-15 31-7 32-24 33-25 34-26 35-24 36-28 37-24 38-30 39-5 40-15 
0-20 1-20 2-8 3-12 4-2 5-2 6-2 7-20 8-9 9-12 10-16 11-8 12-20 13-18 14-20 15-10 16-20 17-2 18-18 19-20 
0-0 1-1 2-44 3-16 4-7 5-5 6-3 7-3 8-44 9-10 10-19 11-20 12-13 13-14 14-12 15-22 16-44 17-44 18-16 19-16 20-44 21-16 22-22 23-10 24-6 25-18 26-34 27-16 28-22 29-18 30-38 31-37 32-8 33-16 34-16 35-22 36-34 37-43 38-39 39-38 40-44 
0-2 1-16 2-4 3-6 4-7 5-11 6-16 7-16 8-11 9-16 10-16 11-16 12-15 13-12 14-16 
0-0 1-0 2-1 3-33 4-3 5-4 6-5 7-33 8-7 9-23 10-33 11-21 12-33 13-23 14-9 15-23 16-23 17-30 18-30 19-33 20-19 21-33 22-33 23-18 24-20 25-21 26-22 27-23 28-22 29-33 30-7 31-30 32-17 33-28 34-27 35-27 36-29 37-33 
0-0 1-1 2-1 3-4 4-1 5-2 6-1 7-5 
0-1 1-1 2-2 
0-4 1-4 2-16 3-2 4-4 5-5 6-6 7-7 8-8 9-9 10-10 11-18 12-12 13-15 14-13 15-14 16-4 17-17 18-18 19-20 20-62 21-23 22-23 23-24 24-16 25-4 26-5 27-4 28-32 29-33 30-4 31-35 32-16 33-4 34-41 35-4 36-41 37-62 38-4 39-45 40-18 41-48 42-6 43-50 44-6 45-52 46-10 47-54 48-55 49-7 50-55 51-7 52-8 53-9 54-10 55-62 
0-0 1-1 2-1 3-3 4-3 5-5 6-25 7-7 8-25 9-9 10-12 11-13 12-22 13-25 14-25 15-3 16-4 17-17 18-25 19-14 20-23 21-18 22-9 23-5 24-20 25-19 26-25 
0-0 1-1 2-3 3-12 4-4 5-5 6-12 7-12 8-12 9-12 10-12 11-12 12-7 13-2 14-2 15-12 
0-20 1-18 2-5 3-0 4-2 5-0 6-0 7-9 8-10 9-11 10-12 11-2 12-20 13-20 14-20 15-15 16-20 17-16 18-17 19-17 20-18 21-15 22-20 23-20 
0-42 1-42 2-0 3-2 4-42 5-4 6-9 7-5 8-6 9-42 10-10 11-1 12-26 13-26 14-39 15-26 16-10 17-10 18-11 19-12 20-4 21-14 22-6 23-42 24-42 25-42 26-9 27-42 28-8 29-42 30-3 31-23 32-24 33-26 34-31 35-32 36-28 37-42 38-42 39-0 40-20 41-42 42-42 43-42 44-42 45-38 46-42 47-41 48-39 49-40 50-26 51-37 52-42 
0-0 1-2 2-11 3-5 4-11 5-2 6-7 7-10 8-9 9-11 
0-0 1-1 2-24 3-0 4-3 5-24 6-24 7-7 8-6 9-7 10-2 11-1 12-11 13-12 14-13 15-24 16-14 17-9 18-16 19-9 20-20 21-24 22-9 23-23 24-24 
0-0 1-1 2-2 3-47 4-19 5-47 6-4 7-5 8-47 9-8 10-8 11-9 12-19 13-47 14-47 15-4 16-12 17-13 18-25 19-12 20-47 21-3 22-4 23-16 24-18 25-25 26-4 27-27 28-36 29-36 30-33 31-47 32-3 33-4 34-4 35-4 36-40 37-41 38-47 39-47 40-21 41-38 42-47 
0-7 1-5 2-6 3-7 4-7 5-4 6-7 
0-0 1-1 2-2 3-3 4-72 5-6 6-1 7-1 8-9 9-3 10-13 11-14 12-15 13-12 14-3 15-72 16-1 17-1 18-21 19-3 20-19 21-72 22-22 23-7 24-24 25-25 26-31 27-13 28-34 29-35 30-68 31-7 32-40 33-37 34-43 35-44 36-7 37-46 38-47 39-6 40-37 41-7 42-6 43-55 44-13 45-7 46-37 47-34 48-36 49-62 50-72 51-37 52-67 53-22 54-13 55-7 56-69 57-70 58-71 59-36 60-66 61-26 62-72 
0-0 1-1 2-38 3-45 4-45 5-8 6-6 7-45 8-7 9-1 10-1 11-38 12-45 13-8 14-35 15-7 16-8 17-17 18-7 19-27 20-8 21-45 22-45 23-1 24-1 25-0 26-38 27-45 28-25 29-8 30-28 31-28 32-45 33-1 34-32 35-8 36-45 37-35 38-36 39-37 40-43 41-43 42-45 43-1 44-1 45-45 46-25 47-12 48-2 49-45 
0-0 1-2 2-19 3-5 4-5 5-3 6-13 7-11 8-8 9-19 10-5 11-19 12-16 13-7 14-3 15-19 16-8 17-19 18-15 19-18 20-19 
0-0 1-1 2-25 3-5 4-16 5-16 6-3 7-4 8-25 9-25 10-2 11-10 12-12 13-13 14-14 15-25 16-16 17-18 18-25 19-25 20-17 21-20 22-17 23-15 24-25 
0-46 1-2 2-46 3-46 4-4 5-5 6-7 7-5 8-7 9-10 10-5 11-11 12-12 13-13 14-15 15-46 16-16 17-15 18-18 19-46 20-17 21-5 22-22 23-23 24-20 25-46 26-29 27-16 28-19 29-28 30-18 31-33 32-46 33-5 34-36 35-28 36-39 37-16 38-46 39-5 40-2 41-42 42-43 43-46 
0-6 1-7 2-56 3-6 4-9 5-56 6-56 7-17 8-17 9-17 10-1 11-56 12-56 13-34 14-2 15-3 16-4 17-11 18-42 19-46 20-56 21-38 22-1 23-56 24-28 25-26 26-16 27-16 28-56 29-16 30-31 31-32 32-16 33-16 34-34 35-56 36-37 37-38 38-39 39-40 40-42 41-40 42-56 43-34 44-1 45-3 46-46 47-47 48-25 49-38 50-54 51-55 52-25 53-56 
0-0 1-1 2-2 3-3 4-4 
0-0 1-1 2-18 3-16 4-3 5-4 6-5 7-6 8-4 9-8 10-9 11-11 12-4 13-4 14-19 
0-0 1-1 2-3 3-4 4-6 5-1 6-9 7-1 8-4 9-12 10-1 11-20 12-1 13-16 14-17 15-18 16-19 17-4 18-20 19-11 20-21 21-22 22-23 23-24 
0-0 1-11 2-9 3-5 4-11 5-7 6-11 7-9 8-5 9-12 10-13 11-15 12-11 13-11 14-17 15-18 16-19 17-20 
0-0 1-12 2-4 3-12 4-3 5-7 6-8 7-1 8-10 9-11 10-12 11-12 12-13 13-13 14-15 15-1 16-17 17-18 18-20 19-21 20-12 21-6 22-1 23-12 24-26 25-27 26-12 27-29 28-30 29-31 30-1 31-1 32-10 33-12 34-43 35-30 36-12 37-6 38-1 39-6 40-27 41-6 42-21 43-45 44-6 45-32 
0-0 1-2 2-3 3-4 4-5 5-6 6-7 7-10 8-5 9-9 10-10 11-0 12-10 13-5 14-5 15-43 16-2 17-2 18-28 19-43 20-6 21-19 22-20 23-0 24-1 25-31 26-37 27-34 28-35 29-33 30-1 31-2 32-30 33-2 34-25 35-24 36-23 37-1 38-37 39-2 40-45 41-43 42-35 43-33 44-1 45-49 
0-0 1-2 2-3 3-4 4-6 5-25 6-2 7-9 8-2 9-7 10-12 11-13 12-14 13-29 14-25 15-23 16-27 17-25 18-4 19-20 20-27 21-28 22-29 23-30 24-31 
0-0 1-2 2-12 3-8 4-9 5-3 6-29 7-16 8-0 9-38 10-2 11-38 12-21 13-38 14-38 15-2 16-26 17-29 18-30 19-31 20-33 21-5 22-5 23-5 24-38 25-35 26-38 27-38 28-2 29-0 30-5 31-38 
0-0 1-1 2-35 3-3 4-3 5-6 6-9 7-10 8-11 9-8 10-7 11-12 12-35 13-16 14-15 15-26 16-17 17-35 18-2 19-20 20-5 21-24 22-30 23-35 24-15 25-28 26-24 27-15 28-5 29-6 30-5 31-35 32-31 33-24 34-35 
0-1 1-0 2-19 3-19 4-3 5-19 6-4 7-5 8-4 9-9 10-12 11-19 12-4 13-19 14-16 15-19 16-16 17-17 18-18 19-9 20-14 21-13 22-19 
0-11 1-3 2-2 3-29 4-6 5-7 6-6 7-10 8-14 9-12 10-13 11-18 12-20 13-21 14-29 15-6 16-24 17-25 18-6 19-28 20-29 21-29 22-29 23-29 24-16 25-15 26-29 
0-0 1-1 2-27 3-2 4-3 5-4 6-27 7-3 8-7 9-8 10-3 11-10 12-12 13-27 14-20 15-27 16-13 17-15 18-14 19-27 20-23 21-27 22-25 23-24 24-27 25-27 
0-0 1-1 2-1 3-14 4-3 5-21 6-23 7-25 8-26 9-27 10-3 11-4 12-5 13-3 14-7 15-8 16-9 17-14 18-15 19-16 20-18 21-19 22-27 23-23 24-12 25-12 26-27 
0-21 1-3 2-5 3-6 4-16 5-8 6-9 7-4 8-34 9-5 10-14 11-17 12-34 13-18 14-8 15-20 16-21 17-22 18-34 19-8 20-31 21-32 22-33 23-26 24-27 25-28 26-2 27-19 28-8 29-24 30-34 
0-23 1-23 2-9 3-1 4-2 5-7 6-7 7-23 8-8 9-14 10-11 11-12 12-13 13-1 14-18 15-23 16-15 17-23 18-23 19-23 20-23 21-7 22-23 
0-0 1-1 2-2 3-3 4-3 5-3 6-4 7-31 8-17 9-3 10-10 11-12 12-3 13-3 14-15 15-31 16-13 17-31 18-18 19-6 20-3 21-5 22-3 23-25 24-3 25-3 26-25 27-23 28-5 29-17 30-3 31-31 
0-14 1-0 2-1 3-14 4-6 5-4 6-5 7-14 8-14 9-14 10-14 11-14 12-8 13-14 14-14 15-13 16-14 17-7 18-7 19-14 
0-0 1-1 2-2 3-3 4-7 5-5 6-6 7-5 8-9 9-10 10-15 11-5 12-6 13-15 
0-0 1-2 2-26 3-13 4-9 5-26 6-11 7-12 8-7 9-5 10-6 11-4 12-26 13-26 14-15 15-16 16-26 17-21 18-22 19-14 20-7 21-24 22-23 23-22 24-26 
0-0 1-26 2-3 3-7 4-6 5-6 6-11 7-12 8-7 9-14 10-15 11-3 12-22 13-23 14-7 15-4 16-16 17-26 18-3 19-16 20-7 21-21 22-22 23-23 24-24 25-23 26-19 27-18 28-26 
